# JRE version: Java(TM) SE Runtime Environment (8.0_221-b11) (build 1.8.0_221-b11)
# Java VM: Java HotSpot(TM) 64-Bit Server VM (25.221-b11 mixed mode windows-amd64 compressed oops)
Heap:
 PSYoungGen      total 76288K, used 13965K [0x00000000f5580000, 0x00000000faa80000, 0x0000000100000000)
  eden space 65536K, 8% used [0x00000000f5580000,0x00000000f5af1ef8,0x00000000f9580000)
  from space 10752K, 78% used [0x00000000f9580000,0x00000000f9db16c0,0x00000000fa000000)
  to   space 10752K, 0% used [0x00000000fa000000,0x00000000fa000000,0x00000000faa80000)
 ParOldGen       total 175104K, used 7038K [0x00000000e0000000, 0x00000000eab00000, 0x00000000f5580000)
  object space 175104K, 4% used [0x00000000e0000000,0x00000000e06df9f8,0x00000000eab00000)
 Metaspace       used 29330K, capacity 30024K, committed 30464K, reserved 1075200K
  class space    used 4029K, capacity 4235K, committed 4352K, reserved 1048576K
GC Heap History (10 events):
Event: 4.090 GC heap before
{Heap before GC invocations=2 (full 0):
 PSYoungGen      total 76288K, used 71447K [0x00000000f5580000, 0x00000000faa80000, 0x0000000100000000)
  eden space 65536K, 100% used [0x00000000f5580000,0x00000000f9580000,0x00000000f9580000)
  from space 10752K, 54% used [0x00000000f9580000,0x00000000f9b45eb0,0x00000000fa000000)
  to   space 10752K, 0% used [0x00000000fa000000,0x00000000fa000000,0x00000000faa80000)
 ParOldGen       total 175104K, used 16K [0x00000000e0000000, 0x00000000eab00000, 0x00000000f5580000)
  object space 175104K, 0% used [0x00000000e0000000,0x00000000e0004000,0x00000000eab00000)
 Metaspace       used 15124K, capacity 15540K, committed 15616K, reserved 1062912K
  class space    used 2065K, capacity 2232K, committed 2304K, reserved 1048576K
Event: 4.103 GC heap after
Heap after GC invocations=2 (full 0):
 PSYoungGen      total 76288K, used 9708K [0x00000000f5580000, 0x00000000faa80000, 0x0000000100000000)
  eden space 65536K, 0% used [0x00000000f5580000,0x00000000f5580000,0x00000000f9580000)
  from space 10752K, 90% used [0x00000000fa000000,0x00000000fa97b3c8,0x00000000faa80000)
  to   space 10752K, 0% used [0x00000000f9580000,0x00000000f9580000,0x00000000fa000000)
 ParOldGen       total 175104K, used 24K [0x00000000e0000000, 0x00000000eab00000, 0x00000000f5580000)
  object space 175104K, 0% used [0x00000000e0000000,0x00000000e0006000,0x00000000eab00000)
 Metaspace       used 15124K, capacity 15540K, committed 15616K, reserved 1062912K
  class space    used 2065K, capacity 2232K, committed 2304K, reserved 1048576K
}
Event: 5.867 GC heap before
{Heap before GC invocations=3 (full 0):
 PSYoungGen      total 76288K, used 75244K [0x00000000f5580000, 0x00000000faa80000, 0x0000000100000000)
  eden space 65536K, 100% used [0x00000000f5580000,0x00000000f9580000,0x00000000f9580000)
  from space 10752K, 90% used [0x00000000fa000000,0x00000000fa97b3c8,0x00000000faa80000)
  to   space 10752K, 0% used [0x00000000f9580000,0x00000000f9580000,0x00000000fa000000)
 ParOldGen       total 175104K, used 24K [0x00000000e0000000, 0x00000000eab00000, 0x00000000f5580000)
  object space 175104K, 0% used [0x00000000e0000000,0x00000000e0006000,0x00000000eab00000)
 Metaspace       used 20210K, capacity 20794K, committed 20992K, reserved 1067008K
  class space    used 2901K, capacity 3055K, committed 3072K, reserved 1048576K
Event: 5.879 GC heap after
Heap after GC invocations=3 (full 0):
 PSYoungGen      total 76288K, used 10747K [0x00000000f5580000, 0x00000000faa80000, 0x0000000100000000)
  eden space 65536K, 0% used [0x00000000f5580000,0x00000000f5580000,0x00000000f9580000)
  from space 10752K, 99% used [0x00000000f9580000,0x00000000f9ffed60,0x00000000fa000000)
  to   space 10752K, 0% used [0x00000000fa000000,0x00000000fa000000,0x00000000faa80000)
 ParOldGen       total 175104K, used 601K [0x00000000e0000000, 0x00000000eab00000, 0x00000000f5580000)
  object space 175104K, 0% used [0x00000000e0000000,0x00000000e0096790,0x00000000eab00000)
 Metaspace       used 20210K, capacity 20794K, committed 20992K, reserved 1067008K
  class space    used 2901K, capacity 3055K, committed 3072K, reserved 1048576K
}
Event: 5.977 GC heap before
{Heap before GC invocations=4 (full 0):
 PSYoungGen      total 76288K, used 19774K [0x00000000f5580000, 0x00000000faa80000, 0x0000000100000000)
  eden space 65536K, 13% used [0x00000000f5580000,0x00000000f5e50b10,0x00000000f9580000)
  from space 10752K, 99% used [0x00000000f9580000,0x00000000f9ffed60,0x00000000fa000000)
  to   space 10752K, 0% used [0x00000000fa000000,0x00000000fa000000,0x00000000faa80000)
 ParOldGen       total 175104K, used 601K [0x00000000e0000000, 0x00000000eab00000, 0x00000000f5580000)
  object space 175104K, 0% used [0x00000000e0000000,0x00000000e0096790,0x00000000eab00000)
 Metaspace       used 20646K, capacity 21226K, committed 21296K, reserved 1067008K
  class space    used 2974K, capacity 3131K, committed 3200K, reserved 1048576K
Event: 5.985 GC heap after
Heap after GC invocations=4 (full 0):
 PSYoungGen      total 76288K, used 7156K [0x00000000f5580000, 0x00000000faa80000, 0x0000000100000000)
  eden space 65536K, 0% used [0x00000000f5580000,0x00000000f5580000,0x00000000f9580000)
  from space 10752K, 66% used [0x00000000fa000000,0x00000000fa6fd040,0x00000000faa80000)
  to   space 10752K, 0% used [0x00000000f9580000,0x00000000f9580000,0x00000000fa000000)
 ParOldGen       total 175104K, used 609K [0x00000000e0000000, 0x00000000eab00000, 0x00000000f5580000)
  object space 175104K, 0% used [0x00000000e0000000,0x00000000e0098790,0x00000000eab00000)
 Metaspace       used 20646K, capacity 21226K, committed 21296K, reserved 1067008K
  class space    used 2974K, capacity 3131K, committed 3200K, reserved 1048576K
}
Event: 5.985 GC heap before
{Heap before GC invocations=5 (full 1):
 PSYoungGen      total 76288K, used 7156K [0x00000000f5580000, 0x00000000faa80000, 0x0000000100000000)
  eden space 65536K, 0% used [0x00000000f5580000,0x00000000f5580000,0x00000000f9580000)
  from space 10752K, 66% used [0x00000000fa000000,0x00000000fa6fd040,0x00000000faa80000)
  to   space 10752K, 0% used [0x00000000f9580000,0x00000000f9580000,0x00000000fa000000)
 ParOldGen       total 175104K, used 609K [0x00000000e0000000, 0x00000000eab00000, 0x00000000f5580000)
  object space 175104K, 0% used [0x00000000e0000000,0x00000000e0098790,0x00000000eab00000)
 Metaspace       used 20646K, capacity 21226K, committed 21296K, reserved 1067008K
  class space    used 2974K, capacity 3131K, committed 3200K, reserved 1048576K
Event: 6.042 GC heap after
Heap after GC invocations=5 (full 1):
 PSYoungGen      total 76288K, used 0K [0x00000000f5580000, 0x00000000faa80000, 0x0000000100000000)
  eden space 65536K, 0% used [0x00000000f5580000,0x00000000f5580000,0x00000000f9580000)
  from space 10752K, 0% used [0x00000000fa000000,0x00000000fa000000,0x00000000faa80000)
  to   space 10752K, 0% used [0x00000000f9580000,0x00000000f9580000,0x00000000fa000000)
 ParOldGen       total 175104K, used 7030K [0x00000000e0000000, 0x00000000eab00000, 0x00000000f5580000)
  object space 175104K, 4% used [0x00000000e0000000,0x00000000e06dd9f8,0x00000000eab00000)
 Metaspace       used 20646K, capacity 21226K, committed 21296K, reserved 1067008K
  class space    used 2974K, capacity 3131K, committed 3200K, reserved 1048576K
}
Event: 7.398 GC heap before
{Heap before GC invocations=6 (full 1):
 PSYoungGen      total 76288K, used 65536K [0x00000000f5580000, 0x00000000faa80000, 0x0000000100000000)
  eden space 65536K, 100% used [0x00000000f5580000,0x00000000f9580000,0x00000000f9580000)
  from space 10752K, 0% used [0x00000000fa000000,0x00000000fa000000,0x00000000faa80000)
  to   space 10752K, 0% used [0x00000000f9580000,0x00000000f9580000,0x00000000fa000000)
 ParOldGen       total 175104K, used 7030K [0x00000000e0000000, 0x00000000eab00000, 0x00000000f5580000)
  object space 175104K, 4% used [0x00000000e0000000,0x00000000e06dd9f8,0x00000000eab00000)
 Metaspace       used 29148K, capacity 29854K, committed 30080K, reserved 1075200K
  class space    used 3991K, capacity 4201K, committed 4224K, reserved 1048576K
Event: 7.408 GC heap after
Heap after GC invocations=6 (full 1):
 PSYoungGen      total 76288K, used 8389K [0x00000000f5580000, 0x00000000faa80000, 0x0000000100000000)
  eden space 65536K, 0% used [0x00000000f5580000,0x00000000f5580000,0x00000000f9580000)
  from space 10752K, 78% used [0x00000000f9580000,0x00000000f9db16c0,0x00000000fa000000)
  to   space 10752K, 0% used [0x00000000fa000000,0x00000000fa000000,0x00000000faa80000)
 ParOldGen       total 175104K, used 7038K [0x00000000e0000000, 0x00000000eab00000, 0x00000000f5580000)
  object space 175104K, 4% used [0x00000000e0000000,0x00000000e06df9f8,0x00000000eab00000)
 Metaspace       used 29148K, capacity 29854K, committed 30080K, reserved 1075200K
  class space    used 3991K, capacity 4201K, committed 4224K, reserved 1048576K
}

